
Showing logs for build [32mksokolik-jxdemojhofficegradleui-1[0m stage [32mfrom-build-pack[0m and container [32mstep-credential-initializer-9d6lx[0m
{"level":"warn","ts":1575951323.434775,"logger":"fallback-logger","caller":"logging/config.go:69","msg":"Fetch GitHub commit ID from kodata failed: \"ref: refs/heads/master\" is not a valid GitHub commit ID"}
{"level":"info","ts":1575951323.4353583,"logger":"fallback-logger","caller":"creds-init/main.go:40","msg":"Credentials initialized."}

Showing logs for build [32mksokolik-jxdemojhofficegradleui-1[0m stage [32mfrom-build-pack[0m and container [32mstep-working-dir-initializer-vdfrw[0m
{"level":"warn","ts":1575951324.245964,"logger":"fallback-logger","caller":"logging/config.go:69","msg":"Fetch GitHub commit ID from kodata failed: open /var/run/ko/HEAD: no such file or directory"}
{"level":"info","ts":1575951324.2468302,"logger":"fallback-logger","caller":"bash/main.go:65","msg":"Successfully executed command \"mkdir -p /workspace/source\""}

Showing logs for build [32mksokolik-jxdemojhofficegradleui-1[0m stage [32mfrom-build-pack[0m and container [32mstep-place-tools[0m

Showing logs for build [32mksokolik-jxdemojhofficegradleui-1[0m stage [32mfrom-build-pack[0m and container [32mstep-git-source-ksokolik-jxdemojhofficegradleui-cqds9[0m
{"level":"warn","ts":1575951332.5036173,"logger":"fallback-logger","caller":"logging/config.go:69","msg":"Fetch GitHub commit ID from kodata failed: \"ref: refs/heads/master\" is not a valid GitHub commit ID"}
{"level":"info","ts":1575951335.4527872,"logger":"fallback-logger","caller":"git/git.go:102","msg":"Successfully cloned https://github.com/********/**demojhofficegradleui.git @ v0.0.2 in path /workspace/source"}

Showing logs for build [32mksokolik-jxdemojhofficegradleui-1[0m stage [32mfrom-build-pack[0m and container [32mstep-git-merge[0m
Using SHAs from PULL_REFS=master:400964d6711bc9acf479b021f2a74785f3a5b098
WARNING: no SHAs to merge, falling back to initial cloned commit

Showing logs for build [32mksokolik-jxdemojhofficegradleui-1[0m stage [32mfrom-build-pack[0m and container [32mstep-setup-jx-git-credentials[0m
Generated Git credentials file /workspace/xdg_config/git/credentials

Showing logs for build [32mksokolik-jxdemojhofficegradleui-1[0m stage [32mfrom-build-pack[0m and container [32mstep-build-gradle-build[0m
Picked up _JAVA_OPTIONS: -XX:+UnlockExperimentalVMOptions -XX:+UseCGroupMemoryLimitForHeap -Dsun.zip.disableMemoryMapping=true -XX:+UseParallelGC -XX:MinHeapFreeRatio=5 -XX:MaxHeapFreeRatio=10 -XX:GCTimeRatio=4 -XX:AdaptiveSizePolicyWeight=90 -Xms10m -Xmx192m
OpenJDK 64-Bit Server VM warning: If the number of processors is expected to increase from one, then you should configure the number of parallel GC threads appropriately using -XX:ParallelGCThreads=N
Starting a Gradle Daemon (subsequent builds will be faster)

FAILURE: Build failed with an exception.

* Where:
Settings file '/workspace/source/settings.gradle' line: 3

* What went wrong:
A problem occurred evaluating settings 'source'.
> Could not find method plugins() for arguments [settings_14o93rjt44t8a624hn1lo7bw1$_run_closure1$_closure2@71dbe641] on object of type org.gradle.plugin.management.internal.DefaultPluginManagementSpec.

* Try:
Run with --stacktrace option to get the stack trace. Run with --info or --debug option to get more log output. Run with --scan to get full insights.

* Get more help at https://help.gradle.org

BUILD FAILED in 7s
[31m
Pipeline failed on stage 'from-build-pack' : container 'step-build-gradle-build'. The execution of the pipeline has stopped.[0m
